<?xml version="1.0" encoding="UTF-8"?>
<!-- Generated by org.testng.reporters.JUnitReportReporter -->
<testsuite skipped="0" hostname="DESKTOP-9UN6AFD" name="tests.TestWishlistPage" tests="6" failures="0" timestamp="2022-10-14T17:26:33 CEST" time="13.085" errors="0">
  <testcase name="ToWishlistWithoutLoggingIn" time="1.363" classname="tests.TestWishlistPage"/>
  <system-out/>
  <testcase name="AddItemToWishlistfromHomePage" time="3.063" classname="tests.TestWishlistPage"/>
  <system-out/>
  <testcase name="AddSecondItemToWishListFromBoardGamesPage" time="3.745" classname="tests.TestWishlistPage"/>
  <system-out/>
  <testcase name="RemoveOneItemFromWishlist" time="1.153" classname="tests.TestWishlistPage"/>
  <system-out/>
  <testcase name="AddOneItemFromRecentlyViewed" time="1.512" classname="tests.TestWishlistPage"/>
  <system-out/>
  <testcase name="CheckWishlistAfterLogout" time="2.249" classname="tests.TestWishlistPage"/>
  <system-out/>
</testsuite> <!-- tests.TestWishlistPage -->
