<?xml version="1.0" encoding="UTF-8"?>
<!-- Generated by org.testng.reporters.JUnitReportReporter -->
<testsuite skipped="2" hostname="DESKTOP-9UN6AFD" name="tests.TestAccountCreation" tests="4" failures="0" timestamp="2022-10-14T17:26:33 CEST" time="72.399" errors="0">
  <testcase name="validUserCredentialsWithoutAcceptingPrivacyPolicy" time="17.986" classname="tests.TestAccountCreation"/>
  <system-out/>
  <testcase name="invalidDataAcountCreation" time="54.413" classname="tests.TestAccountCreation"/>
  <system-out/>
  <testcase name="createAccountWithInvalidData" classname="tests.TestAccountCreation">
    <skipped/>
  </testcase> <!-- createAccountWithInvalidData -->
  <system-out/>
  <testcase name="clickOnCaptcha" classname="tests.TestAccountCreation">
    <skipped/>
  </testcase> <!-- clickOnCaptcha -->
  <system-out/>
</testsuite> <!-- tests.TestAccountCreation -->
