<?xml version="1.0" encoding="UTF-8"?>
<!-- Generated by org.testng.reporters.JUnitReportReporter -->
<testsuite skipped="0" hostname="DESKTOP-9UN6AFD" name="tests.TestConfluxHomePage" tests="5" failures="0" timestamp="2022-10-14T17:26:33 CEST" time="7.193" errors="0">
  <testcase name="changePageLanguageToSerbian" time="1.668" classname="tests.TestConfluxHomePage"/>
  <system-out/>
  <testcase name="testInstagramLink" time="0.090" classname="tests.TestConfluxHomePage"/>
  <system-out/>
  <testcase name="revertToEnglish" time="1.365" classname="tests.TestConfluxHomePage"/>
  <system-out/>
  <testcase name="navigateToConfluxPage" time="3.973" classname="tests.TestConfluxHomePage"/>
  <system-out/>
  <testcase name="testFacebookLink" time="0.097" classname="tests.TestConfluxHomePage"/>
  <system-out/>
</testsuite> <!-- tests.TestConfluxHomePage -->
